<?xml version="1.0" encoding="UTF-8"?>
<!-- Generated by org.testng.reporters.JUnitReportReporter -->
<testsuite name="com.adactin.test.Simple" tests="1" time="0.678" ignored="0" failures="0" timestamp="08 Nov 2023 12:16:45 GMT" skipped="0" hostname="DESKTOP-IKBQ4EE" errors="0">
  <testcase name="Login" time="0.678" classname="com.adactin.test.Simple"/>
</testsuite> <!-- com.adactin.test.Simple -->
