<?xml version="1.0" encoding="UTF-8"?>
<!-- Generated by org.testng.reporters.JUnitReportReporter -->
<testsuite name="com.adactin.test.HelloTestNG" tests="2" time="0.007" ignored="0" failures="0" timestamp="06 Nov 2023 11:17:29 GMT" skipped="0" hostname="DESKTOP-IKBQ4EE" errors="0">
  <testcase name="testcase" time="0.001" classname="com.adactin.test.HelloTestNG"/>
  <testcase name="testcase" time="0.006" classname="com.adactin.test.HelloTestNG"/>
</testsuite> <!-- com.adactin.test.HelloTestNG -->
